<?xml version="1.0" encoding="UTF-8"?>
<!-- Generated by org.testng.reporters.JUnitXMLReporter -->
<testsuite ignored="0" hostname="Mohamed-Abdelrahman" failures="0" tests="5" name="Default test" time="4.78" errors="0" timestamp="2023-12-29T07:01:14 GMT+02:00">
  <testcase classname="crudOperations.PetsCrudOperations" name="addNewPet" time="4.449"/>
  <testcase classname="crudOperations.PetsCrudOperations" name="findPetById" time="0.077"/>
  <testcase classname="crudOperations.PetsCrudOperations" name="findPetsByStatus" time="0.053"/>
  <testcase classname="crudOperations.PetsCrudOperations" name="updatePet" time="0.049"/>
  <testcase classname="crudOperations.PetsCrudOperations" name="deletePet" time="0.027"/>
</testsuite> <!-- Default test -->
