<?xml version="1.0" encoding="UTF-8"?>
<testng-results ignored="0" total="0" passed="0" failed="0" skipped="0">
  <reporter-output>
  </reporter-output>
  <suite started-at="2023-12-28T12:39:10 GMT+02:00" name="Surefire suite" finished-at="2023-12-28T12:39:10 GMT+02:00" duration-ms="428">
    <groups>
    </groups>
    <test started-at="2023-12-28T12:39:10 GMT+02:00" name="Surefire test" finished-at="2023-12-28T12:39:10 GMT+02:00" duration-ms="428">
      <class name="base.BaseTest">
        <test-method is-config="true" signature="givenBaseURI()[pri:0, instance:base.BaseTest@6e509ffa]" started-at="2023-12-28T12:39:10 GMT+02:00" name="givenBaseURI" finished-at="2023-12-28T12:39:10 GMT+02:00" duration-ms="416" status="PASS">
          <reporter-output>
          </reporter-output>
        </test-method> <!-- givenBaseURI -->
      </class> <!-- base.BaseTest -->
    </test> <!-- Surefire test -->
  </suite> <!-- Surefire suite -->
</testng-results>
