<?xml version="1.0" encoding="UTF-8"?>
<testng-results ignored="0" total="5" passed="5" failed="0" skipped="0">
  <reporter-output>
  </reporter-output>
  <suite started-at="2023-12-29T07:01:09 GMT+02:00" name="Default suite" finished-at="2023-12-29T07:01:14 GMT+02:00" duration-ms="4780">
    <groups>
    </groups>
    <test started-at="2023-12-29T07:01:09 GMT+02:00" name="Default test" finished-at="2023-12-29T07:01:14 GMT+02:00" duration-ms="4780">
      <class name="crudOperations.PetsCrudOperations">
        <test-method signature="addNewPet()[pri:1, instance:crudOperations.PetsCrudOperations@3a44431a]" started-at="2023-12-29T07:01:09 GMT+02:00" name="addNewPet" finished-at="2023-12-29T07:01:13 GMT+02:00" duration-ms="4449" status="PASS">
          <reporter-output>
          </reporter-output>
        </test-method> <!-- addNewPet -->
        <test-method signature="findPetById()[pri:2, instance:crudOperations.PetsCrudOperations@3a44431a]" started-at="2023-12-29T07:01:13 GMT+02:00" name="findPetById" finished-at="2023-12-29T07:01:13 GMT+02:00" duration-ms="77" status="PASS">
          <reporter-output>
          </reporter-output>
        </test-method> <!-- findPetById -->
        <test-method signature="findPetsByStatus()[pri:2, instance:crudOperations.PetsCrudOperations@3a44431a]" started-at="2023-12-29T07:01:13 GMT+02:00" name="findPetsByStatus" finished-at="2023-12-29T07:01:14 GMT+02:00" duration-ms="53" status="PASS">
          <reporter-output>
          </reporter-output>
        </test-method> <!-- findPetsByStatus -->
        <test-method signature="updatePet()[pri:2, instance:crudOperations.PetsCrudOperations@3a44431a]" started-at="2023-12-29T07:01:14 GMT+02:00" name="updatePet" finished-at="2023-12-29T07:01:14 GMT+02:00" duration-ms="49" status="PASS">
          <reporter-output>
          </reporter-output>
        </test-method> <!-- updatePet -->
        <test-method signature="deletePet()[pri:3, instance:crudOperations.PetsCrudOperations@3a44431a]" started-at="2023-12-29T07:01:14 GMT+02:00" name="deletePet" finished-at="2023-12-29T07:01:14 GMT+02:00" duration-ms="27" status="PASS">
          <reporter-output>
          </reporter-output>
        </test-method> <!-- deletePet -->
      </class> <!-- crudOperations.PetsCrudOperations -->
    </test> <!-- Default test -->
  </suite> <!-- Default suite -->
</testng-results>
